\BOOKMARK [1][-]{section.1}{Brief Description}{}% 1
\BOOKMARK [2][-]{subsection.1.1}{Profile}{section.1}% 2
\BOOKMARK [2][-]{subsection.1.2}{Architecture Design}{section.1}% 3
\BOOKMARK [3][-]{subsubsection.1.2.1}{Hardware Design}{subsection.1.2}% 4
\BOOKMARK [3][-]{subsubsection.1.2.2}{Software Design}{subsection.1.2}% 5
\BOOKMARK [2][-]{subsection.1.3}{Module List and Module Function Description}{section.1}% 6
\BOOKMARK [3][-]{subsubsection.1.3.1}{Hardware Modules}{subsection.1.3}% 7
\BOOKMARK [3][-]{subsubsection.1.3.2}{Software Modules}{subsection.1.3}% 8
\BOOKMARK [1][-]{section.2}{Implemented Requirements}{}% 9
\BOOKMARK [2][-]{subsection.2.1}{Move}{section.2}% 10
\BOOKMARK [2][-]{subsection.2.2}{Path Planning}{section.2}% 11
\BOOKMARK [2][-]{subsection.2.3}{GUI}{section.2}% 12
\BOOKMARK [2][-]{subsection.2.4}{One Click Return}{section.2}% 13
\BOOKMARK [2][-]{subsection.2.5}{Writing}{section.2}% 14
\BOOKMARK [2][-]{subsection.2.6}{Palletizing}{section.2}% 15
\BOOKMARK [2][-]{subsection.2.7}{Speech Recognition}{section.2}% 16
\BOOKMARK [1][-]{section.3}{Advantages and Disadvantages}{}% 17
\BOOKMARK [2][-]{subsection.3.1}{Advantages}{section.3}% 18
\BOOKMARK [2][-]{subsection.3.2}{Disadvantages}{section.3}% 19
\BOOKMARK [1][-]{section.4}{Improvement}{}% 20
\BOOKMARK [1][-]{section.5}{Development Environment}{}% 21
\BOOKMARK [2][-]{subsection.5.1}{Operating System}{section.5}% 22
\BOOKMARK [2][-]{subsection.5.2}{Development Tool}{section.5}% 23
\BOOKMARK [2][-]{subsection.5.3}{Development Language}{section.5}% 24
\BOOKMARK [1][-]{section.6}{Core Code}{}% 25
\BOOKMARK [2][-]{subsection.6.1}{Change Audio File Sampling Rate}{section.6}% 26
\BOOKMARK [2][-]{subsection.6.2}{Move Detailed Data Computing}{section.6}% 27
\BOOKMARK [2][-]{subsection.6.3}{User Interface Design}{section.6}% 28
\BOOKMARK [2][-]{subsection.6.4}{Realization of Speech Recognition}{section.6}% 29
\BOOKMARK [2][-]{subsection.6.5}{Realization of Serial Communication}{section.6}% 30
\BOOKMARK [1][-]{section.7}{Preview Video}{}% 31
